0 info it worked if it ends with ok
1 verbose cli [ '/usr/local/bin/node', '/usr/local/bin/npm', 'upgrade' ]
2 info using npm@3.10.10
3 info using node@v6.9.4
4 silly mapToRegistry name wallop
5 silly mapToRegistry using default registry
6 silly mapToRegistry registry https://registry.npmjs.org/
7 silly mapToRegistry data Result {
7 silly mapToRegistry   raw: 'wallop',
7 silly mapToRegistry   scope: null,
7 silly mapToRegistry   escapedName: 'wallop',
7 silly mapToRegistry   name: 'wallop',
7 silly mapToRegistry   rawSpec: '',
7 silly mapToRegistry   spec: 'latest',
7 silly mapToRegistry   type: 'tag' }
8 silly mapToRegistry uri https://registry.npmjs.org/wallop
9 silly mapToRegistry name browser-sync
10 silly mapToRegistry using default registry
11 silly mapToRegistry registry https://registry.npmjs.org/
12 silly mapToRegistry data Result {
12 silly mapToRegistry   raw: 'browser-sync',
12 silly mapToRegistry   scope: null,
12 silly mapToRegistry   escapedName: 'browser-sync',
12 silly mapToRegistry   name: 'browser-sync',
12 silly mapToRegistry   rawSpec: '',
12 silly mapToRegistry   spec: 'latest',
12 silly mapToRegistry   type: 'tag' }
13 silly mapToRegistry uri https://registry.npmjs.org/browser-sync
14 silly mapToRegistry name serve
15 silly mapToRegistry using default registry
16 silly mapToRegistry registry https://registry.npmjs.org/
17 silly mapToRegistry data Result {
17 silly mapToRegistry   raw: 'serve',
17 silly mapToRegistry   scope: null,
17 silly mapToRegistry   escapedName: 'serve',
17 silly mapToRegistry   name: 'serve',
17 silly mapToRegistry   rawSpec: '',
17 silly mapToRegistry   spec: 'latest',
17 silly mapToRegistry   type: 'tag' }
18 silly mapToRegistry uri https://registry.npmjs.org/serve
19 verbose request uri https://registry.npmjs.org/wallop
20 verbose request no auth needed
21 info attempt registry request try #1 at 10:30:55 PM
22 verbose request id 93a48988cf62b05b
23 verbose etag W/"58437716-7a1e"
24 verbose lastModified Sun, 04 Dec 2016 01:53:26 GMT
25 http request GET https://registry.npmjs.org/wallop
26 verbose request uri https://registry.npmjs.org/serve
27 verbose request no auth needed
28 info attempt registry request try #1 at 10:30:55 PM
29 verbose etag W/"58b5f38a-11a1c"
30 verbose lastModified Tue, 28 Feb 2017 22:02:50 GMT
31 http request GET https://registry.npmjs.org/serve
32 verbose request uri https://registry.npmjs.org/browser-sync
33 verbose request no auth needed
34 info attempt registry request try #1 at 10:30:55 PM
35 verbose etag W/"58b96de0-8214b"
36 verbose lastModified Fri, 03 Mar 2017 13:21:36 GMT
37 http request GET https://registry.npmjs.org/browser-sync
38 http 304 https://registry.npmjs.org/wallop
39 verbose headers { date: 'Sat, 04 Mar 2017 03:30:55 GMT',
39 verbose headers   via: '1.1 varnish',
39 verbose headers   'cache-control': 'max-age=300',
39 verbose headers   etag: 'W/"58437716-7a1e"',
39 verbose headers   age: '125',
39 verbose headers   connection: 'keep-alive',
39 verbose headers   'x-served-by': 'cache-ord1721-ORD',
39 verbose headers   'x-cache': 'HIT',
39 verbose headers   'x-cache-hits': '1',
39 verbose headers   'x-timer': 'S1488598255.504462,VS0,VE0',
39 verbose headers   vary: 'Accept-Encoding' }
40 silly get cb [ 304,
40 silly get   { date: 'Sat, 04 Mar 2017 03:30:55 GMT',
40 silly get     via: '1.1 varnish',
40 silly get     'cache-control': 'max-age=300',
40 silly get     etag: 'W/"58437716-7a1e"',
40 silly get     age: '125',
40 silly get     connection: 'keep-alive',
40 silly get     'x-served-by': 'cache-ord1721-ORD',
40 silly get     'x-cache': 'HIT',
40 silly get     'x-cache-hits': '1',
40 silly get     'x-timer': 'S1488598255.504462,VS0,VE0',
40 silly get     vary: 'Accept-Encoding' } ]
41 verbose etag https://registry.npmjs.org/wallop from cache
42 verbose get saving wallop to /Users/rachelkaykingswood/.npm/registry.npmjs.org/wallop/.cache.json
43 verbose correctMkdir /Users/rachelkaykingswood/.npm correctMkdir not in flight; initializing
44 http 304 https://registry.npmjs.org/serve
45 verbose headers { date: 'Sat, 04 Mar 2017 03:30:55 GMT',
45 verbose headers   via: '1.1 varnish',
45 verbose headers   'cache-control': 'max-age=300',
45 verbose headers   etag: 'W/"58b5f38a-11a1c"',
45 verbose headers   age: '107',
45 verbose headers   connection: 'keep-alive',
45 verbose headers   'x-served-by': 'cache-ord1732-ORD',
45 verbose headers   'x-cache': 'HIT',
45 verbose headers   'x-cache-hits': '2',
45 verbose headers   'x-timer': 'S1488598255.509689,VS0,VE0',
45 verbose headers   vary: 'Accept-Encoding' }
46 silly get cb [ 304,
46 silly get   { date: 'Sat, 04 Mar 2017 03:30:55 GMT',
46 silly get     via: '1.1 varnish',
46 silly get     'cache-control': 'max-age=300',
46 silly get     etag: 'W/"58b5f38a-11a1c"',
46 silly get     age: '107',
46 silly get     connection: 'keep-alive',
46 silly get     'x-served-by': 'cache-ord1732-ORD',
46 silly get     'x-cache': 'HIT',
46 silly get     'x-cache-hits': '2',
46 silly get     'x-timer': 'S1488598255.509689,VS0,VE0',
46 silly get     vary: 'Accept-Encoding' } ]
47 verbose etag https://registry.npmjs.org/serve from cache
48 verbose get saving serve to /Users/rachelkaykingswood/.npm/registry.npmjs.org/serve/.cache.json
49 verbose correctMkdir /Users/rachelkaykingswood/.npm correctMkdir already in flight; waiting
50 http 304 https://registry.npmjs.org/browser-sync
51 verbose headers { date: 'Sat, 04 Mar 2017 03:30:55 GMT',
51 verbose headers   via: '1.1 varnish',
51 verbose headers   'cache-control': 'max-age=300',
51 verbose headers   etag: 'W/"58b96de0-8214b"',
51 verbose headers   age: '222',
51 verbose headers   connection: 'keep-alive',
51 verbose headers   'x-served-by': 'cache-ord1724-ORD',
51 verbose headers   'x-cache': 'HIT',
51 verbose headers   'x-cache-hits': '1',
51 verbose headers   'x-timer': 'S1488598255.515739,VS0,VE0',
51 verbose headers   vary: 'Accept-Encoding' }
52 silly get cb [ 304,
52 silly get   { date: 'Sat, 04 Mar 2017 03:30:55 GMT',
52 silly get     via: '1.1 varnish',
52 silly get     'cache-control': 'max-age=300',
52 silly get     etag: 'W/"58b96de0-8214b"',
52 silly get     age: '222',
52 silly get     connection: 'keep-alive',
52 silly get     'x-served-by': 'cache-ord1724-ORD',
52 silly get     'x-cache': 'HIT',
52 silly get     'x-cache-hits': '1',
52 silly get     'x-timer': 'S1488598255.515739,VS0,VE0',
52 silly get     vary: 'Accept-Encoding' } ]
53 verbose etag https://registry.npmjs.org/browser-sync from cache
54 verbose get saving browser-sync to /Users/rachelkaykingswood/.npm/registry.npmjs.org/browser-sync/.cache.json
55 verbose correctMkdir /Users/rachelkaykingswood/.npm correctMkdir not in flight; initializing
56 silly cache add args [ 'serve', 'http-server' ]
57 verbose cache add spec serve@http-server
58 silly cache add parsed spec Result {
58 silly cache add   raw: 'serve@http-server',
58 silly cache add   scope: null,
58 silly cache add   escapedName: 'serve',
58 silly cache add   name: 'serve',
58 silly cache add   rawSpec: 'http-server',
58 silly cache add   spec: 'http-server',
58 silly cache add   type: 'tag' }
59 silly addNamed serve@http-server
60 verbose addNamed "http-server" is being treated as a dist-tag for serve
61 info addNameTag [ 'serve', 'http-server' ]
62 silly mapToRegistry name serve
63 silly mapToRegistry using default registry
64 silly mapToRegistry registry https://registry.npmjs.org/
65 silly mapToRegistry data Result {
65 silly mapToRegistry   raw: 'serve',
65 silly mapToRegistry   scope: null,
65 silly mapToRegistry   escapedName: 'serve',
65 silly mapToRegistry   name: 'serve',
65 silly mapToRegistry   rawSpec: '',
65 silly mapToRegistry   spec: 'latest',
65 silly mapToRegistry   type: 'tag' }
66 silly mapToRegistry uri https://registry.npmjs.org/serve
67 verbose addNameTag registry:https://registry.npmjs.org/serve not in flight; fetching
68 verbose get https://registry.npmjs.org/serve not expired, no request
69 silly addNameTag next cb for serve with tag http-server
70 verbose stack Error: No compatible version found: serve@'http-server'
70 verbose stack Valid install targets:
70 verbose stack 0.0.1, 0.0.2, 0.0.3, 0.0.4, 0.0.5, 1.0.0, 1.0.1, 1.0.2, 1.0.3, 1.1.0, 1.2.0, 1.3.0, 1.4.0, 2.0.0, 2.1.0, 2.1.1, 2.1.2, 2.2.0, 2.3.0, 2.4.0, 2.4.1, 2.4.2, 2.4.3, 2.4.4, 3.0.0, 3.0.1, 3.0.2, 3.1.0, 3.2.0, 3.2.1, 3.2.2, 3.2.3, 3.2.4, 3.2.5, 3.2.6, 3.2.7, 3.2.8, 3.2.9, 3.2.10, 3.3.0, 3.3.1, 3.4.0, 3.4.1, 4.0.0, 4.0.1
70 verbose stack
70 verbose stack     at installTargetsError (/usr/local/lib/node_modules/npm/lib/cache/add-named.js:292:12)
70 verbose stack     at next (/usr/local/lib/node_modules/npm/lib/cache/add-named.js:95:10)
70 verbose stack     at RES (/usr/local/lib/node_modules/npm/node_modules/inflight/inflight.js:23:14)
70 verbose stack     at f (/usr/local/lib/node_modules/npm/node_modules/once/once.js:25:25)
70 verbose stack     at fixName (/usr/local/lib/node_modules/npm/lib/cache/add-named.js:30:5)
70 verbose stack     at /usr/local/lib/node_modules/npm/lib/utils/pulse-till-done.js:20:8
70 verbose stack     at CachingRegistryClient.get_ (/usr/local/lib/node_modules/npm/lib/cache/caching-client.js:126:16)
70 verbose stack     at /usr/local/lib/node_modules/npm/lib/cache/caching-client.js:91:14
70 verbose stack     at /usr/local/lib/node_modules/npm/node_modules/graceful-fs/graceful-fs.js:78:16
70 verbose stack     at FSReqWrap.readFileAfterClose [as oncomplete] (fs.js:445:3)
71 verbose cwd /Users/rachelkaykingswood/bloc/portfolio
72 error Darwin 16.1.0
73 error argv "/usr/local/bin/node" "/usr/local/bin/npm" "upgrade"
74 error node v6.9.4
75 error npm  v3.10.10
76 error code ETARGET
77 error notarget No compatible version found: serve@'http-server'
77 error notarget Valid install targets:
77 error notarget 0.0.1, 0.0.2, 0.0.3, 0.0.4, 0.0.5, 1.0.0, 1.0.1, 1.0.2, 1.0.3, 1.1.0, 1.2.0, 1.3.0, 1.4.0, 2.0.0, 2.1.0, 2.1.1, 2.1.2, 2.2.0, 2.3.0, 2.4.0, 2.4.1, 2.4.2, 2.4.3, 2.4.4, 3.0.0, 3.0.1, 3.0.2, 3.1.0, 3.2.0, 3.2.1, 3.2.2, 3.2.3, 3.2.4, 3.2.5, 3.2.6, 3.2.7, 3.2.8, 3.2.9, 3.2.10, 3.3.0, 3.3.1, 3.4.0, 3.4.1, 4.0.0, 4.0.1
78 error notarget This is most likely not a problem with npm itself.
78 error notarget In most cases you or one of your dependencies are requesting
78 error notarget a package version that doesn't exist.
79 verbose exit [ 1, true ]
